<?xml version="1.0" encoding="UTF-8"?>
<coverage generated="1520596546634" clover="3.2.0">
  <project timestamp="1520596546635" name="All files">
    <metrics statements="30" coveredstatements="30" conditionals="14" coveredconditionals="8" methods="7" coveredmethods="7" elements="51" coveredelements="45" complexity="0" loc="30" ncloc="30" packages="4" files="5" classes="5">
      <package name="config">
        <metrics statements="1" coveredstatements="1" conditionals="0" coveredconditionals="0" methods="0" coveredmethods="0"/>
        <file name="setup-jest.ts" path="/Users/peterdickten/versioned/gfk-shopper-admin-frontend/config/setup-jest.ts">
          <metrics statements="1" coveredstatements="1" conditionals="0" coveredconditionals="0" methods="0" coveredmethods="0"/>
          <line num="1" count="4" type="stmt"/>
        </file>
      </package>
      <package name="src.app.backend.home">
        <metrics statements="13" coveredstatements="13" conditionals="6" coveredconditionals="2" methods="4" coveredmethods="4"/>
        <file name="home.actions.ts" path="/Users/peterdickten/versioned/gfk-shopper-admin-frontend/src/app/backend/home/home.actions.ts">
          <metrics statements="11" coveredstatements="11" conditionals="6" coveredconditionals="2" methods="3" coveredmethods="3"/>
          <line num="1" count="2" type="stmt"/>
          <line num="2" count="2" type="stmt"/>
          <line num="3" count="2" type="stmt"/>
          <line num="5" count="2" type="stmt"/>
          <line num="6" count="2" type="stmt"/>
          <line num="9" count="2" type="stmt"/>
          <line num="11" count="2" type="cond" truecount="1" falsecount="2"/>
          <line num="12" count="1" type="stmt"/>
          <line num="16" count="2" type="cond" truecount="1" falsecount="2"/>
          <line num="17" count="3" type="stmt"/>
          <line num="19" count="2" type="stmt"/>
        </file>
        <file name="home.selectors.ts" path="/Users/peterdickten/versioned/gfk-shopper-admin-frontend/src/app/backend/home/home.selectors.ts">
          <metrics statements="2" coveredstatements="2" conditionals="0" coveredconditionals="0" methods="1" coveredmethods="1"/>
          <line num="3" count="2" type="stmt"/>
          <line num="4" count="1" type="stmt"/>
        </file>
      </package>
      <package name="src.app.frontend.home">
        <metrics statements="15" coveredstatements="15" conditionals="8" coveredconditionals="6" methods="3" coveredmethods="3"/>
        <file name="home.component.ts" path="/Users/peterdickten/versioned/gfk-shopper-admin-frontend/src/app/frontend/home/home.component.ts">
          <metrics statements="15" coveredstatements="15" conditionals="8" coveredconditionals="6" methods="3" coveredmethods="3"/>
          <line num="1" count="1" type="stmt"/>
          <line num="2" count="1" type="stmt"/>
          <line num="3" count="1" type="stmt"/>
          <line num="4" count="1" type="stmt"/>
          <line num="6" count="1" type="stmt"/>
          <line num="7" count="1" type="stmt"/>
          <line num="14" count="1" type="stmt"/>
          <line num="15" count="1" type="cond" truecount="2" falsecount="1"/>
          <line num="16" count="2" type="stmt"/>
          <line num="18" count="2" type="cond" truecount="2" falsecount="1"/>
          <line num="19" count="2" type="cond" truecount="2" falsecount="0"/>
          <line num="22" count="1" type="stmt"/>
          <line num="23" count="2" type="stmt"/>
          <line num="24" count="2" type="stmt"/>
          <line num="26" count="1" type="stmt"/>
        </file>
      </package>
      <package name="src.app.home">
        <metrics statements="1" coveredstatements="1" conditionals="0" coveredconditionals="0" methods="0" coveredmethods="0"/>
        <file name="home.component.html" path="/Users/peterdickten/versioned/gfk-shopper-admin-frontend/src/app/home/home.component.html">
          <metrics statements="1" coveredstatements="1" conditionals="0" coveredconditionals="0" methods="0" coveredmethods="0"/>
          <line num="1" count="1" type="stmt"/>
        </file>
      </package>
    </metrics>
  </project>
</coverage>
