{"/Users/peterdickten/versioned/gfk-shopper-admin-frontend/config/setup-jest.ts": {"path":"/Users/peterdickten/versioned/gfk-shopper-admin-frontend/config/setup-jest.ts","statementMap":{"0":{"start":{"line":1,"column":0},"end":{"line":1,"column":29}}},"fnMap":{},"branchMap":{},"s":{"0":4},"f":{},"b":{}}
,"/Users/peterdickten/versioned/gfk-shopper-admin-frontend/src/app/backend/home/home.actions.ts": {"path":"/Users/peterdickten/versioned/gfk-shopper-admin-frontend/src/app/backend/home/home.actions.ts","statementMap":{"0":{"start":{"line":1,"column":0},"end":{"line":1,"column":42}},"1":{"start":{"line":2,"column":0},"end":{"line":2,"column":47}},"2":{"start":{"line":3,"column":0},"end":{"line":3,"column":40}},"3":{"start":{"line":5,"column":13},"end":{"line":5,"column":53}},"4":{"start":{"line":6,"column":13},"end":{"line":6,"column":59}},"5":{"start":{"line":9,"column":0},"end":{"line":19,"column":0}},"6":{"start":{"line":11,"column":9},"end":{"line":13,"column":3}},"7":{"start":{"line":12,"column":4},"end":{"line":12,"column":50}},"8":{"start":{"line":16,"column":9},"end":{"line":18,"column":3}},"9":{"start":{"line":17,"column":4},"end":{"line":17,"column":38}},"10":{"start":{"line":11,"column":2},"end":{"line":13,"column":3}},"11":{"start":{"line":16,"column":2},"end":{"line":18,"column":3}},"12":{"start":{"line":9,"column":13},"end":{"line":19,"column":1}},"13":{"start":{"line":19,"column":0},"end":{"line":19,"column":1}},"14":{"start":{"line":9,"column":13},"end":{"line":9,"column":24}}},"fnMap":{"0":{"name":"(anonymous_0)","decl":{"start":{"line":9,"column":0},"end":{"line":null,"column":-1}},"loc":{"start":{"line":9,"column":0},"end":{"line":9,"column":-1}}},"1":{"name":"(anonymous_2)","decl":{"start":{"line":11,"column":2},"end":{"line":11,"column":16}},"loc":{"start":{"line":11,"column":29},"end":{"line":13,"column":3}}},"2":{"name":"(anonymous_3)","decl":{"start":{"line":16,"column":2},"end":{"line":null,"column":-1}},"loc":{"start":{"line":16,"column":2},"end":{"line":18,"column":3}}}},"branchMap":{"0":{"loc":{"start":{"line":11,"column":39},"end":{"line":null,"column":-1}},"type":"binary-expr","locations":[{"start":{"line":11,"column":39},"end":{"line":null,"column":-1}},{"start":{"line":11,"column":39},"end":{"line":null,"column":-1}}]},"1":{"loc":{"start":{"line":11,"column":32},"end":{"line":11,"column":39}},"type":"binary-expr","locations":[{"start":{"line":11,"column":32},"end":{"line":11,"column":39}}]},"2":{"loc":{"start":{"line":16,"column":30},"end":{"line":null,"column":-1}},"type":"binary-expr","locations":[{"start":{"line":16,"column":30},"end":{"line":null,"column":-1}},{"start":{"line":16,"column":30},"end":{"line":null,"column":-1}}]},"3":{"loc":{"start":{"line":16,"column":23},"end":{"line":16,"column":30}},"type":"binary-expr","locations":[{"start":{"line":16,"column":23},"end":{"line":16,"column":30}}]}},"s":{"0":2,"1":2,"2":2,"3":2,"4":2,"5":2,"6":2,"7":1,"8":2,"9":3,"10":2,"11":2,"12":2,"13":2,"14":2},"f":{"0":6,"1":1,"2":3},"b":{"0":[0,2],"1":[0],"2":[0,2],"3":[0]}}
,"/Users/peterdickten/versioned/gfk-shopper-admin-frontend/src/app/backend/home/home.selectors.ts": {"path":"/Users/peterdickten/versioned/gfk-shopper-admin-frontend/src/app/backend/home/home.selectors.ts","statementMap":{"0":{"start":{"line":4,"column":2},"end":{"line":4,"column":27}},"1":{"start":{"line":3,"column":0},"end":{"line":5,"column":1}}},"fnMap":{"0":{"name":"homeGreetingSelector","decl":{"start":{"line":3,"column":0},"end":{"line":3,"column":36}},"loc":{"start":{"line":3,"column":50},"end":{"line":5,"column":1}}}},"branchMap":{},"s":{"0":1,"1":2},"f":{"0":1},"b":{}}
,"/Users/peterdickten/versioned/gfk-shopper-admin-frontend/src/app/frontend/home/home.component.ts": {"path":"/Users/peterdickten/versioned/gfk-shopper-admin-frontend/src/app/frontend/home/home.component.ts","statementMap":{"0":{"start":{"line":1,"column":0},"end":{"line":1,"column":49}},"1":{"start":{"line":2,"column":0},"end":{"line":2,"column":45}},"2":{"start":{"line":3,"column":0},"end":{"line":3,"column":44}},"3":{"start":{"line":4,"column":0},"end":{"line":4,"column":51}},"4":{"start":{"line":6,"column":0},"end":{"line":6,"column":61}},"5":{"start":{"line":7,"column":0},"end":{"line":7,"column":72}},"6":{"start":{"line":14,"column":0},"end":{"line":14,"column":53}},"7":{"start":{"line":14,"column":35},"end":{"line":14,"column":53}},"8":{"start":{"line":19,"column":4},"end":{"line":19,"column":11}},"9":{"start":{"line":18,"column":22},"end":{"line":18,"column":46}},"10":{"start":{"line":16,"column":9},"end":{"line":16,"column":31}},"11":{"start":{"line":22,"column":9},"end":{"line":25,"column":3}},"12":{"start":{"line":23,"column":4},"end":{"line":23,"column":57}},"13":{"start":{"line":24,"column":4},"end":{"line":24,"column":34}},"14":{"start":{"line":15,"column":32},"end":{"line":15,"column":69}},"15":{"start":{"line":14,"column":13},"end":{"line":26,"column":1}},"16":{"start":{"line":26,"column":0},"end":{"line":26,"column":1}},"17":{"start":{"line":14,"column":13},"end":{"line":14,"column":26}}},"fnMap":{"0":{"name":"(anonymous_0)","decl":{"start":{"line":14,"column":0},"end":{"line":null,"column":-1}},"loc":{"start":{"line":14,"column":0},"end":{"line":14,"column":-1}}},"1":{"name":"HomeComponent","decl":{"start":{"line":18,"column":2},"end":{"line":18,"column":21}},"loc":{"start":{"line":18,"column":46},"end":{"line":20,"column":3}}},"2":{"name":"(anonymous_2)","decl":{"start":{"line":22,"column":2},"end":{"line":null,"column":-1}},"loc":{"start":{"line":22,"column":2},"end":{"line":25,"column":3}}}},"branchMap":{"0":{"loc":{"start":{"line":19,"column":4},"end":{"line":19,"column":11}},"type":"binary-expr","locations":[{"start":{"line":19,"column":4},"end":{"line":19,"column":11}},{"start":{"line":19,"column":11},"end":{"line":20,"column":2}}]},"1":{"loc":{"start":{"line":15,"column":60},"end":{"line":null,"column":-1}},"type":"binary-expr","locations":[{"start":{"line":15,"column":60},"end":{"line":null,"column":-1}},{"start":{"line":15,"column":60},"end":{"line":null,"column":-1}}]},"2":{"loc":{"start":{"line":15,"column":50},"end":{"line":15,"column":60}},"type":"binary-expr","locations":[{"start":{"line":15,"column":50},"end":{"line":15,"column":60}}]},"3":{"loc":{"start":{"line":18,"column":46},"end":{"line":null,"column":-1}},"type":"binary-expr","locations":[{"start":{"line":18,"column":46},"end":{"line":null,"column":-1}},{"start":{"line":18,"column":46},"end":{"line":null,"column":-1}}]},"4":{"loc":{"start":{"line":18,"column":35},"end":{"line":18,"column":46}},"type":"binary-expr","locations":[{"start":{"line":18,"column":35},"end":{"line":18,"column":46}}]}},"s":{"0":1,"1":1,"2":1,"3":1,"4":1,"5":1,"6":1,"7":1,"8":2,"9":2,"10":2,"11":1,"12":2,"13":2,"14":1,"15":1,"16":1,"17":1},"f":{"0":1,"1":2,"2":2},"b":{"0":[2,2],"1":[1,0],"2":[1],"3":[1,0],"4":[1]}}
,"/Users/peterdickten/versioned/gfk-shopper-admin-frontend/src/app/home/home.component.html": {"path":"/Users/peterdickten/versioned/gfk-shopper-admin-frontend/src/app/home/home.component.html","statementMap":{"0":{"start":{"line":1,"column":0},"end":{"line":6,"column":2}}},"fnMap":{},"branchMap":{},"s":{"0":1},"f":{},"b":{},"_coverageSchema":"332fd63041d2c1bcb487cc26dd0d5f7d97098a6c","hash":"0283bc007025d47de3be095d4a01faedc4e68c5f"}
}
