TN:
SF:/Users/peterdickten/versioned/gfk-shopper-admin-frontend/config/setup-jest.ts
FNF:0
FNH:0
DA:1,4
LF:1
LH:1
BRF:0
BRH:0
end_of_record
TN:
SF:/Users/peterdickten/versioned/gfk-shopper-admin-frontend/src/app/backend/home/home.actions.ts
FN:9,(anonymous_0)
FN:11,(anonymous_2)
FN:16,(anonymous_3)
FNF:3
FNH:3
FNDA:6,(anonymous_0)
FNDA:1,(anonymous_2)
FNDA:3,(anonymous_3)
DA:1,2
DA:2,2
DA:3,2
DA:5,2
DA:6,2
DA:9,2
DA:11,2
DA:12,1
DA:16,2
DA:17,3
DA:19,2
LF:11
LH:11
BRDA:11,0,0,0
BRDA:11,0,1,2
BRDA:11,1,0,0
BRDA:16,2,0,0
BRDA:16,2,1,2
BRDA:16,3,0,0
BRF:6
BRH:2
end_of_record
TN:
SF:/Users/peterdickten/versioned/gfk-shopper-admin-frontend/src/app/backend/home/home.selectors.ts
FN:3,homeGreetingSelector
FNF:1
FNH:1
FNDA:1,homeGreetingSelector
DA:3,2
DA:4,1
LF:2
LH:2
BRF:0
BRH:0
end_of_record
TN:
SF:/Users/peterdickten/versioned/gfk-shopper-admin-frontend/src/app/frontend/home/home.component.ts
FN:14,(anonymous_0)
FN:18,HomeComponent
FN:22,(anonymous_2)
FNF:3
FNH:3
FNDA:1,(anonymous_0)
FNDA:2,HomeComponent
FNDA:2,(anonymous_2)
DA:1,1
DA:2,1
DA:3,1
DA:4,1
DA:6,1
DA:7,1
DA:14,1
DA:15,1
DA:16,2
DA:18,2
DA:19,2
DA:22,1
DA:23,2
DA:24,2
DA:26,1
LF:15
LH:15
BRDA:19,0,0,2
BRDA:19,0,1,2
BRDA:15,1,0,1
BRDA:15,1,1,0
BRDA:15,2,0,1
BRDA:18,3,0,1
BRDA:18,3,1,0
BRDA:18,4,0,1
BRF:8
BRH:6
end_of_record
TN:
SF:/Users/peterdickten/versioned/gfk-shopper-admin-frontend/src/app/home/home.component.html
FNF:0
FNH:0
DA:1,1
LF:1
LH:1
BRF:0
BRH:0
end_of_record
